<?xml version="1.0" encoding="UTF-8"?>
<!-- Generated by org.testng.reporters.JUnitReportReporter -->
<testsuite skipped="0" hostname="AADIL" name="com.inetbanking.testCases.TC_LoginTest_001" tests="1" failures="0" timestamp="04 Sep 2021 12:23:11 GMT" time="6.649" errors="0">
  <testcase name="loginTest" time="6.649" classname="com.inetbanking.testCases.TC_LoginTest_001"/>
</testsuite> <!-- com.inetbanking.testCases.TC_LoginTest_001 -->
